0 info it worked if it ends with ok
1 verbose cli [ 'C:\\Program Files\\nodejs\\node.exe',
1 verbose cli   'C:\\Users\\M\\AppData\\Roaming\\npm\\node_modules\\npm\\bin\\npm-cli.js',
1 verbose cli   'publish' ]
2 info using npm@3.9.5
3 info using node@v6.4.0
4 verbose publish [ '.' ]
5 silly cache add args [ '.', null ]
6 verbose cache add spec .
7 silly cache add parsed spec Result {
7 silly cache add   raw: '.',
7 silly cache add   scope: null,
7 silly cache add   name: null,
7 silly cache add   rawSpec: '.',
7 silly cache add   spec: 'D:\\code\\NPM\\symfony-helper',
7 silly cache add   type: 'directory' }
8 verbose addLocalDirectory C:\Users\M\AppData\Roaming\npm-cache\symfony-helper\1.0.2\package.tgz not in flight; packing
9 verbose correctMkdir C:\Users\M\AppData\Roaming\npm-cache correctMkdir not in flight; initializing
10 info lifecycle symfony-helper@1.0.2~prepublish: symfony-helper@1.0.2
11 silly lifecycle symfony-helper@1.0.2~prepublish: no script for prepublish, continuing
12 verbose tar pack [ 'C:\\Users\\M\\AppData\\Roaming\\npm-cache\\symfony-helper\\1.0.2\\package.tgz',
12 verbose tar pack   'D:\\code\\NPM\\symfony-helper' ]
13 verbose tarball C:\Users\M\AppData\Roaming\npm-cache\symfony-helper\1.0.2\package.tgz
14 verbose folder D:\code\NPM\symfony-helper
15 verbose addLocalTarball adding from inside cache C:\Users\M\AppData\Roaming\npm-cache\symfony-helper\1.0.2\package.tgz
16 verbose correctMkdir C:\Users\M\AppData\Roaming\npm-cache correctMkdir not in flight; initializing
17 silly cache afterAdd symfony-helper@1.0.2
18 verbose afterAdd C:\Users\M\AppData\Roaming\npm-cache\symfony-helper\1.0.2\package\package.json not in flight; writing
19 verbose correctMkdir C:\Users\M\AppData\Roaming\npm-cache correctMkdir not in flight; initializing
20 verbose afterAdd C:\Users\M\AppData\Roaming\npm-cache\symfony-helper\1.0.2\package\package.json written
21 silly publish { name: 'symfony-helper',
21 silly publish   version: '1.0.2',
21 silly publish   description: 'Awesome symfony helper tool',
21 silly publish   main: './lib/index.js',
21 silly publish   preferGlobal: 'true',
21 silly publish   scripts:
21 silly publish    { test: 'mocha',
21 silly publish      cover: 'istanbul cover ./node_modules/mocha/bin/_mocha -- -R spec ./test/*',
21 silly publish      coveralls: 'npm bin /istanbul cover ./node_modules/mocha/bin/_mocha -- -R spec ./test/* && node node_modules/coveralls/bin/coveralls.js < coverage/lcov.info' },
21 silly publish   bin: { symhelp: 'bin/test-module.js' },
21 silly publish   repository:
21 silly publish    { type: 'git',
21 silly publish      url: 'git+https://github.com/michaeldegroot/symfony-helper.git' },
21 silly publish   keywords: [ 'symfony', 'cli' ],
21 silly publish   author: { name: 'Michael de Groot', email: 'specamps@gmail.com' },
21 silly publish   license: 'MIT',
21 silly publish   devDependencies:
21 silly publish    { assert: '^1.3.0',
21 silly publish      'assert-plus': '^1.0.0',
21 silly publish      istanbul: '^0.4.4',
21 silly publish      mocha: '^3.0.2' },
21 silly publish   dependencies:
21 silly publish    { 'cli-autocomplete': '^0.3.0',
21 silly publish      'cli-color': '^1.1.0',
21 silly publish      'fs-extra': '^0.30.0',
21 silly publish      moment: '^2.14.1',
21 silly publish      'right-pad': '^1.0.1',
21 silly publish      shelljs: '^0.7.3',
21 silly publish      'update-notifier': '^1.0.2',
21 silly publish      walk: '^2.3.9' },
21 silly publish   readme: '[![](https://nodei.co/npm/symfony-helper.png?downloads=true&downloadRank=true&stars=true)](https://www.npmjs.com/package/symfony-helper)\r\n\r\n[![](https://david-dm.org/michaeldegroot/symfony-helper.svg "deps") ](https://david-dm.org/michaeldegroot/symfony-helper "david-dm")\r\n[![](https://travis-ci.org/michaeldegroot/symfony-helper.svg?branch=master "testing") ](https://travis-ci.org/michaeldegroot/symfony-helper "travis-ci")\r\n[![](https://coveralls.io/repos/michaeldegroot/symfony-helper/badge.svg?branch=master&service=github)](https://coveralls.io/github/michaeldegroot/symfony-helper?branch=master)\r\n![](https://img.shields.io/badge/Node-%3E%3D0.11-green.svg)\r\n![](https://img.shields.io/npm/dt/symfony-helper.svg)\r\n![](https://img.shields.io/npm/l/express.svg)\r\n\r\n___\r\n\r\n# Symfony Helper\r\n\r\n## Awesome symfony helper tool\r\n\r\n*Autocomplete symfony commands via easy to remember sentences*\r\n\r\n![preview](http://i.imgur.com/hyokF9Z.png "Preview")\r\n\r\n___\r\n\r\n## Features\r\n\r\n-   Clear cache (dev, prod, all)\r\n-   Install and dump assets\r\n-   Composer install\r\n-   Doctrine (Create/Update database)\r\n-   Will catch errors from the selected commands\r\n\r\n**More features will be added in future versions, check back later :)**\r\n\r\n___\r\n\r\n## How to use it\r\n\r\n### 1. Install\r\n\r\n    npm install symfony-helper -g\r\n\r\n### 2. Do awesome stuff\r\n\r\n    symhelp\r\n\r\n*Remember to execute the command in the*\r\n*root folder of your symfony project (where composer.json is located)*\r\n\r\n___\r\n\r\n### Roadmap\r\n\r\n-   More commands\r\n\r\n___\r\n\r\n### Contact  \r\n\r\nYou can contact me at specamps@gmail.com\r\n',
21 silly publish   readmeFilename: 'README.MD',
21 silly publish   gitHead: '34cba5d7e457c65f65ed72e6171f6eea57b9397b',
21 silly publish   bugs: { url: 'https://github.com/michaeldegroot/symfony-helper/issues' },
21 silly publish   homepage: 'https://github.com/michaeldegroot/symfony-helper#readme',
21 silly publish   _id: 'symfony-helper@1.0.2',
21 silly publish   _shasum: 'dff272bb97da3ea207447eccf437ae0470ec8b9c',
21 silly publish   _from: '.' }
22 verbose getPublishConfig undefined
23 silly mapToRegistry name symfony-helper
24 silly mapToRegistry using default registry
25 silly mapToRegistry registry https://registry.npmjs.org/
26 silly mapToRegistry data Result {
26 silly mapToRegistry   raw: 'symfony-helper',
26 silly mapToRegistry   scope: null,
26 silly mapToRegistry   name: 'symfony-helper',
26 silly mapToRegistry   rawSpec: '',
26 silly mapToRegistry   spec: 'latest',
26 silly mapToRegistry   type: 'tag' }
27 silly mapToRegistry uri https://registry.npmjs.org/symfony-helper
28 verbose publish registryBase https://registry.npmjs.org/
29 silly publish uploading C:\Users\M\AppData\Roaming\npm-cache\symfony-helper\1.0.2\package.tgz
30 verbose request uri https://registry.npmjs.org/symfony-helper
31 verbose request sending authorization for write operation
32 info attempt registry request try #1 at 10:25:21 PM
33 verbose request using bearer token for auth
34 verbose request id ea0cc5a6e4eafbc6
35 http request PUT https://registry.npmjs.org/symfony-helper
36 http 403 https://registry.npmjs.org/symfony-helper
37 verbose headers { 'content-type': 'application/json',
37 verbose headers   'cache-control': 'max-age=300',
37 verbose headers   'content-length': '95',
37 verbose headers   'accept-ranges': 'bytes',
37 verbose headers   date: 'Sun, 21 Aug 2016 20:25:24 GMT',
37 verbose headers   via: '1.1 varnish',
37 verbose headers   connection: 'keep-alive',
37 verbose headers   'x-served-by': 'cache-ams4423-AMS',
37 verbose headers   'x-cache': 'MISS',
37 verbose headers   'x-cache-hits': '0',
37 verbose headers   'x-timer': 'S1471811123.611388,VS0,VE1219',
37 verbose headers   vary: 'Accept-Encoding' }
38 verbose request invalidating C:\Users\M\AppData\Roaming\npm-cache\registry.npmjs.org\symfony-helper on PUT
39 error publish Failed PUT 403
40 verbose stack Error: "You cannot publish over the previously published version 1.0.2." : symfony-helper
40 verbose stack     at makeError (C:\Users\M\AppData\Roaming\npm\node_modules\npm\node_modules\npm-registry-client\lib\request.js:264:12)
40 verbose stack     at CachingRegistryClient.<anonymous> (C:\Users\M\AppData\Roaming\npm\node_modules\npm\node_modules\npm-registry-client\lib\request.js:252:14)
40 verbose stack     at Request._callback (C:\Users\M\AppData\Roaming\npm\node_modules\npm\node_modules\npm-registry-client\lib\request.js:172:14)
40 verbose stack     at Request.self.callback (C:\Users\M\AppData\Roaming\npm\node_modules\npm\node_modules\request\request.js:200:22)
40 verbose stack     at emitTwo (events.js:106:13)
40 verbose stack     at Request.emit (events.js:191:7)
40 verbose stack     at Request.<anonymous> (C:\Users\M\AppData\Roaming\npm\node_modules\npm\node_modules\request\request.js:1067:10)
40 verbose stack     at emitOne (events.js:101:20)
40 verbose stack     at Request.emit (events.js:188:7)
40 verbose stack     at IncomingMessage.<anonymous> (C:\Users\M\AppData\Roaming\npm\node_modules\npm\node_modules\request\request.js:988:12)
41 verbose statusCode 403
42 verbose pkgid symfony-helper
43 verbose cwd D:\code\NPM\symfony-helper
44 error Windows_NT 6.3.9600
45 error argv "C:\\Program Files\\nodejs\\node.exe" "C:\\Users\\M\\AppData\\Roaming\\npm\\node_modules\\npm\\bin\\npm-cli.js" "publish"
46 error node v6.4.0
47 error npm  v3.9.5
48 error code E403
49 error "You cannot publish over the previously published version 1.0.2." : symfony-helper
50 error If you need help, you may report this error at:
50 error     <https://github.com/npm/npm/issues>
51 verbose exit [ 1, true ]
